{
  "stats": {
    "suites": 2,
    "tests": 5,
    "passes": 5,
    "pending": 0,
    "failures": 0,
    "start": "2025-07-25T15:08:40.228Z",
    "end": "2025-07-25T15:08:40.323Z",
    "duration": 95,
    "testsRegistered": 5,
    "passPercent": 100,
    "pendingPercent": 0,
    "other": 0,
    "hasOther": false,
    "skipped": 0,
    "hasSkipped": false
  },
  "results": [
    {
      "uuid": "d2a09b7d-e16a-4e57-a131-ee22459cc47c",
      "title": "",
      "fullFile": "/home/runner/work/testApi/testApi/test/login.test.js",
      "file": "/test/login.test.js",
      "beforeHooks": [],
      "afterHooks": [],
      "tests": [],
      "suites": [
        {
          "uuid": "25763b64-f8ad-4a7c-ac83-3f697b2c55e3",
          "title": "Login",
          "fullFile": "/home/runner/work/testApi/testApi/test/login.test.js",
          "file": "/test/login.test.js",
          "beforeHooks": [],
          "afterHooks": [],
          "tests": [],
          "suites": [
            {
              "uuid": "f145d999-496f-49a9-8761-edb0629add04",
              "title": "POST /api/login",
              "fullFile": "/home/runner/work/testApi/testApi/test/login.test.js",
              "file": "/test/login.test.js",
              "beforeHooks": [],
              "afterHooks": [],
              "tests": [
                {
                  "title": "ao usar credenciais válidas com um token em string, deve retornar 200 e fazer login com sucesso",
                  "fullTitle": "Login POST /api/login ao usar credenciais válidas com um token em string, deve retornar 200 e fazer login com sucesso",
                  "timedOut": false,
                  "duration": 68,
                  "state": "passed",
                  "speed": "medium",
                  "pass": true,
                  "fail": false,
                  "pending": false,
                  "context": null,
                  "code": "const response = await request('http://localhost:3001')\n  .post('/api/login')\n  .set('Content-Type', 'application/json')\n  .send({\n    'username': 'marcelo.salmeron',\n    'password': '123456'\n  })\nexpect(response.status).to.equal(200);\nexpect(response.body.token).to.be.a('string');",
                  "err": {},
                  "uuid": "8521865b-ab9c-45d4-9924-3df0171ef678",
                  "parentUUID": "f145d999-496f-49a9-8761-edb0629add04",
                  "isHook": false,
                  "skipped": false
                },
                {
                  "title": "ao usar credenciais inválidas com um token em string, deve retornar 401 ou 423 se bloqueado",
                  "fullTitle": "Login POST /api/login ao usar credenciais inválidas com um token em string, deve retornar 401 ou 423 se bloqueado",
                  "timedOut": false,
                  "duration": 4,
                  "state": "passed",
                  "speed": "fast",
                  "pass": true,
                  "fail": false,
                  "pending": false,
                  "context": null,
                  "code": "const response = await request('http://localhost:3001')\n  .post('/api/login')\n  .set('Content-Type', 'application/json')\n  .send({\n    'username': 'Administrador',\n    'password': 'senhaerrada'\n  })\nexpect([401, 423]).to.include(response.status);",
                  "err": {},
                  "uuid": "02297895-0199-4e05-ab09-ec7e68033899",
                  "parentUUID": "f145d999-496f-49a9-8761-edb0629add04",
                  "isHook": false,
                  "skipped": false
                },
                {
                  "title": "ao realizar 3 tentativas, deve retornar 423 com o bloqueio da senha",
                  "fullTitle": "Login POST /api/login ao realizar 3 tentativas, deve retornar 423 com o bloqueio da senha",
                  "timedOut": false,
                  "duration": 10,
                  "state": "passed",
                  "speed": "fast",
                  "pass": true,
                  "fail": false,
                  "pending": false,
                  "context": null,
                  "code": "const url = 'http://localhost:3001'\nconst loginPayload = {\n  'username': 'admin',\n  'password': 'senhaerrada'\n}\nconst tentarLogin = async () => {\n  return await request(url)\n    .post('/api/login')\n    .set('Content-Type', 'application/json')\n    .send(loginPayload)\n}\nconst res1 = await tentarLogin();\nexpect([401, 423]).to.include(res1.status);\nconst res2 = await tentarLogin();\nexpect([401, 423]).to.include(res2.status);\nconst res3 = await tentarLogin();\nexpect(res3.status).to.equal(423);\nconst res4 = await tentarLogin();\nexpect(res4.status).to.equal(423);",
                  "err": {},
                  "uuid": "0dc4781c-2d61-4307-9732-70322b7e171b",
                  "parentUUID": "f145d999-496f-49a9-8761-edb0629add04",
                  "isHook": false,
                  "skipped": false
                },
                {
                  "title": "Esqueci minha senha - deve retornar 200 e mensagem de sucesso ao enviar e-mail válido",
                  "fullTitle": "Login POST /api/login Esqueci minha senha - deve retornar 200 e mensagem de sucesso ao enviar e-mail válido",
                  "timedOut": false,
                  "duration": 4,
                  "state": "passed",
                  "speed": "fast",
                  "pass": true,
                  "fail": false,
                  "pending": false,
                  "context": null,
                  "code": "const response = await request('http://localhost:3001')\n  .post('/api/forgot-password')\n  .set('Content-Type', 'application/json')\n  .send({\n    email: 'usuario@teste.com'\n  });\nexpect(response.status).to.equal(200);\nexpect(response.body).to.have.property('success').that.is.a('boolean');\nexpect(response.body).to.have.property('message').that.is.a('string');\nexpect(response.body.success).to.be.true;\nexpect(response.body.message).to.match(/email.*enviado/i);",
                  "err": {},
                  "uuid": "946181ae-bf30-4268-9b44-a90711539c8d",
                  "parentUUID": "f145d999-496f-49a9-8761-edb0629add04",
                  "isHook": false,
                  "skipped": false
                },
                {
                  "title": "Esqueci minha senha - deve retornar 400 ao enviar e-mail inválido",
                  "fullTitle": "Login POST /api/login Esqueci minha senha - deve retornar 400 ao enviar e-mail inválido",
                  "timedOut": false,
                  "duration": 4,
                  "state": "passed",
                  "speed": "fast",
                  "pass": true,
                  "fail": false,
                  "pending": false,
                  "context": null,
                  "code": "const response = await request('http://localhost:3001')\n  .post('/api/forgot-password')\n  .set('Content-Type', 'application/json')\n  .send({\n    email: 'emailinvalido'\n  });\nexpect(response.status).to.equal(400);\nexpect(response.body).to.have.property('success').that.is.a('boolean');\nexpect(response.body).to.have.property('message').that.is.a('string');\nexpect(response.body.success).to.be.false;\nexpect(response.body.message).to.match(/email.*inválido/i);",
                  "err": {},
                  "uuid": "c3b1c9b9-fed5-48e9-9a89-37f97875adc5",
                  "parentUUID": "f145d999-496f-49a9-8761-edb0629add04",
                  "isHook": false,
                  "skipped": false
                }
              ],
              "suites": [],
              "passes": [
                "8521865b-ab9c-45d4-9924-3df0171ef678",
                "02297895-0199-4e05-ab09-ec7e68033899",
                "0dc4781c-2d61-4307-9732-70322b7e171b",
                "946181ae-bf30-4268-9b44-a90711539c8d",
                "c3b1c9b9-fed5-48e9-9a89-37f97875adc5"
              ],
              "failures": [],
              "pending": [],
              "skipped": [],
              "duration": 90,
              "root": false,
              "rootEmpty": false,
              "_timeout": 20000
            }
          ],
          "passes": [],
          "failures": [],
          "pending": [],
          "skipped": [],
          "duration": 0,
          "root": false,
          "rootEmpty": false,
          "_timeout": 20000
        }
      ],
      "passes": [],
      "failures": [],
      "pending": [],
      "skipped": [],
      "duration": 0,
      "root": true,
      "rootEmpty": true,
      "_timeout": 20000
    }
  ],
  "meta": {
    "mocha": {
      "version": "11.7.1"
    },
    "mochawesome": {
      "options": {
        "quiet": false,
        "reportFilename": "mochawesome",
        "saveHtml": true,
        "saveJson": true,
        "consoleReporter": "spec",
        "useInlineDiffs": false,
        "code": true
      },
      "version": "7.1.3"
    },
    "marge": {
      "options": null,
      "version": "6.2.0"
    }
  }
}