{
  "stats": {
    "suites": 2,
    "tests": 5,
    "passes": 5,
    "pending": 0,
    "failures": 0,
    "start": "2025-07-25T19:12:44.070Z",
    "end": "2025-07-25T19:12:44.150Z",
    "duration": 80,
    "testsRegistered": 5,
    "passPercent": 100,
    "pendingPercent": 0,
    "other": 0,
    "hasOther": false,
    "skipped": 0,
    "hasSkipped": false
  },
  "results": [
    {
      "uuid": "2f05c5bd-1885-447b-a11c-6e9af96cce28",
      "title": "",
      "fullFile": "/home/runner/work/testApi/testApi/test/login.test.js",
      "file": "/test/login.test.js",
      "beforeHooks": [],
      "afterHooks": [],
      "tests": [],
      "suites": [
        {
          "uuid": "f9104d72-5d11-43e6-90cc-0382b759a84e",
          "title": "Login",
          "fullFile": "/home/runner/work/testApi/testApi/test/login.test.js",
          "file": "/test/login.test.js",
          "beforeHooks": [],
          "afterHooks": [],
          "tests": [],
          "suites": [
            {
              "uuid": "23f977fc-90cc-404f-9c65-75a9b5531049",
              "title": "POST /api/login",
              "fullFile": "/home/runner/work/testApi/testApi/test/login.test.js",
              "file": "/test/login.test.js",
              "beforeHooks": [],
              "afterHooks": [],
              "tests": [
                {
                  "title": "ao usar credenciais válidas com um token em string, deve retornar 200 e fazer login com sucesso",
                  "fullTitle": "Login POST /api/login ao usar credenciais válidas com um token em string, deve retornar 200 e fazer login com sucesso",
                  "timedOut": false,
                  "duration": 55,
                  "state": "passed",
                  "speed": "medium",
                  "pass": true,
                  "fail": false,
                  "pending": false,
                  "context": null,
                  "code": "const response = await request('http://localhost:3001')\n  .post('/api/login')\n  .set('Content-Type', 'application/json')\n  .send({\n    'username': 'marcelo.salmeron',\n    'password': '123456'\n  })\nexpect(response.status).to.equal(200);\nexpect(response.body.token).to.be.a('string');",
                  "err": {},
                  "uuid": "52fc256c-8422-4791-bab8-490229ac27fc",
                  "parentUUID": "23f977fc-90cc-404f-9c65-75a9b5531049",
                  "isHook": false,
                  "skipped": false
                },
                {
                  "title": "ao usar credenciais inválidas com um token em string, deve retornar 401 ou 423 se bloqueado",
                  "fullTitle": "Login POST /api/login ao usar credenciais inválidas com um token em string, deve retornar 401 ou 423 se bloqueado",
                  "timedOut": false,
                  "duration": 4,
                  "state": "passed",
                  "speed": "fast",
                  "pass": true,
                  "fail": false,
                  "pending": false,
                  "context": null,
                  "code": "const response = await request('http://localhost:3001')\n  .post('/api/login')\n  .set('Content-Type', 'application/json')\n  .send({\n    'username': 'Administrador',\n    'password': 'senhaerrada'\n  })\nexpect([401, 423]).to.include(response.status);",
                  "err": {},
                  "uuid": "a3df20a8-5851-4d42-be35-2307481b6015",
                  "parentUUID": "23f977fc-90cc-404f-9c65-75a9b5531049",
                  "isHook": false,
                  "skipped": false
                },
                {
                  "title": "ao realizar 3 tentativas, deve retornar 423 com o bloqueio da senha",
                  "fullTitle": "Login POST /api/login ao realizar 3 tentativas, deve retornar 423 com o bloqueio da senha",
                  "timedOut": false,
                  "duration": 8,
                  "state": "passed",
                  "speed": "fast",
                  "pass": true,
                  "fail": false,
                  "pending": false,
                  "context": null,
                  "code": "const url = 'http://localhost:3001'\nconst loginPayload = {\n  'username': 'admin',\n  'password': 'senhaerrada'\n}\nconst tentarLogin = async () => {\n  return await request(url)\n    .post('/api/login')\n    .set('Content-Type', 'application/json')\n    .send(loginPayload)\n}\nconst res1 = await tentarLogin();\nexpect([401, 423]).to.include(res1.status);\nconst res2 = await tentarLogin();\nexpect([401, 423]).to.include(res2.status);\nconst res3 = await tentarLogin();\nexpect(res3.status).to.equal(423);\nconst res4 = await tentarLogin();\nexpect(res4.status).to.equal(423);",
                  "err": {},
                  "uuid": "c25eec56-1f77-4baf-b95b-73ec5b1f1c7a",
                  "parentUUID": "23f977fc-90cc-404f-9c65-75a9b5531049",
                  "isHook": false,
                  "skipped": false
                },
                {
                  "title": "Esqueci minha senha - deve retornar 200 e mensagem de sucesso ao enviar e-mail válido",
                  "fullTitle": "Login POST /api/login Esqueci minha senha - deve retornar 200 e mensagem de sucesso ao enviar e-mail válido",
                  "timedOut": false,
                  "duration": 4,
                  "state": "passed",
                  "speed": "fast",
                  "pass": true,
                  "fail": false,
                  "pending": false,
                  "context": null,
                  "code": "const response = await request('http://localhost:3001')\n  .post('/api/forgot-password')\n  .set('Content-Type', 'application/json')\n  .send({\n    email: 'usuario@teste.com'\n  });\nexpect(response.status).to.equal(200);\nexpect(response.body).to.have.property('success').that.is.a('boolean');\nexpect(response.body).to.have.property('message').that.is.a('string');\nexpect(response.body.success).to.be.true;\nexpect(response.body.message).to.match(/email.*enviado/i);",
                  "err": {},
                  "uuid": "ee4e8419-256b-434e-919d-f7e9f0f5e363",
                  "parentUUID": "23f977fc-90cc-404f-9c65-75a9b5531049",
                  "isHook": false,
                  "skipped": false
                },
                {
                  "title": "Esqueci minha senha - deve retornar 400 ao enviar e-mail inválido",
                  "fullTitle": "Login POST /api/login Esqueci minha senha - deve retornar 400 ao enviar e-mail inválido",
                  "timedOut": false,
                  "duration": 2,
                  "state": "passed",
                  "speed": "fast",
                  "pass": true,
                  "fail": false,
                  "pending": false,
                  "context": null,
                  "code": "const response = await request('http://localhost:3001')\n  .post('/api/forgot-password')\n  .set('Content-Type', 'application/json')\n  .send({\n    email: 'emailinvalido'\n  });\nexpect(response.status).to.equal(400);\nexpect(response.body).to.have.property('success').that.is.a('boolean');\nexpect(response.body).to.have.property('message').that.is.a('string');\nexpect(response.body.success).to.be.false;\nexpect(response.body.message).to.match(/email.*inválido/i);",
                  "err": {},
                  "uuid": "8ef02ba3-2358-4644-876f-e4e4566a5e28",
                  "parentUUID": "23f977fc-90cc-404f-9c65-75a9b5531049",
                  "isHook": false,
                  "skipped": false
                }
              ],
              "suites": [],
              "passes": [
                "52fc256c-8422-4791-bab8-490229ac27fc",
                "a3df20a8-5851-4d42-be35-2307481b6015",
                "c25eec56-1f77-4baf-b95b-73ec5b1f1c7a",
                "ee4e8419-256b-434e-919d-f7e9f0f5e363",
                "8ef02ba3-2358-4644-876f-e4e4566a5e28"
              ],
              "failures": [],
              "pending": [],
              "skipped": [],
              "duration": 73,
              "root": false,
              "rootEmpty": false,
              "_timeout": 20000
            }
          ],
          "passes": [],
          "failures": [],
          "pending": [],
          "skipped": [],
          "duration": 0,
          "root": false,
          "rootEmpty": false,
          "_timeout": 20000
        }
      ],
      "passes": [],
      "failures": [],
      "pending": [],
      "skipped": [],
      "duration": 0,
      "root": true,
      "rootEmpty": true,
      "_timeout": 20000
    }
  ],
  "meta": {
    "mocha": {
      "version": "11.7.1"
    },
    "mochawesome": {
      "options": {
        "quiet": false,
        "reportFilename": "mochawesome",
        "saveHtml": true,
        "saveJson": true,
        "consoleReporter": "spec",
        "useInlineDiffs": false,
        "code": true
      },
      "version": "7.1.3"
    },
    "marge": {
      "options": null,
      "version": "6.2.0"
    }
  }
}